<?xml version="1.0" encoding="UTF-8"?>
<!-- Generated by org.testng.reporters.JUnitXMLReporter -->
<testsuite ignored="0" hostname="INBA-NB025" failures="1" tests="4" name="Test2" time="63.776" errors="0" timestamp="2023-08-18T08:20:07 IST">
  <testcase classname="camapign.CreateCamp" name="createCamp" time="7.761">
    <skipped/>
  </testcase> <!-- createCamp -->
  <testcase classname="camapign.CreateCamp" name="createCamp" time="8.022">
    <skipped/>
  </testcase> <!-- createCamp -->
  <testcase classname="camapign.CreateCamp" name="createCamp" time="10.296">
    <skipped/>
  </testcase> <!-- createCamp -->
  <testcase classname="camapign.CreateCamp" name="createCamp" time="10.842">
    <failure type="java.lang.AssertionError" message="expected [false] but found [true]">
      <![CDATA[java.lang.AssertionError: expected [false] but found [true]
at camapign.CreateCamp.createCamp(CreateCamp.java:97)
at java.base/java.util.concurrent.ThreadPoolExecutor.runWorker(ThreadPoolExecutor.java:1144)
at java.base/java.util.concurrent.ThreadPoolExecutor$Worker.run(ThreadPoolExecutor.java:642)
at java.base/java.lang.Thread.run(Thread.java:1623)
... Removed 15 stack frames]]>
    </failure>
  </testcase> <!-- createCamp -->
</testsuite> <!-- Test2 -->
